\BOOKMARK [1][-]{section.1}{\376\377\000M\000o\000t\000i\000v\000a\000t\000i\000o\000n}{}% 1
\BOOKMARK [1][-]{section.2}{\376\377\000S\000w\000e\000e\000t\000-\000G\000o\000s\000s\000i\000p\000\040\000P\0002\000P\000\040\000N\000e\000t\000w\000o\000r\000k}{}% 2
\BOOKMARK [1][-]{section.3}{\376\377\000T\000h\000e\000\040\000p\000r\000o\000t\000o\000c\000o\000l}{}% 3
\BOOKMARK [2][-]{subsection.3.1}{\376\377\000T\000o\000p\000i\000c}{section.3}% 4
\BOOKMARK [2][-]{subsection.3.2}{\376\377\000D\000i\000g\000i\000t\000a\000l\000\040\000C\000e\000r\000t\000i\000f\000i\000c\000a\000t\000e\000s}{section.3}% 5
\BOOKMARK [2][-]{subsection.3.3}{\376\377\000A\000s\000k\000i\000n\000g\000\040\000F\000o\000r\000\040\000B\000r\000o\000a\000d\000c\000a\000s\000t}{section.3}% 6
\BOOKMARK [2][-]{subsection.3.4}{\376\377\000P\000r\000o\000o\000f\000\040\000O\000f\000\040\000W\000o\000r\000k\000\040\000\050\000P\000O\000W\000\051}{section.3}% 7
\BOOKMARK [2][-]{subsection.3.5}{\376\377\000O\000n\000i\000o\000n\000-\000r\000o\000u\000t\000i\000n\000g}{section.3}% 8
\BOOKMARK [2][-]{subsection.3.6}{\376\377\000B\000r\000o\000a\000d\000c\000a\000s\000t\000\040\000w\000i\000t\000h\000\040\000P\000O\000W}{section.3}% 9
\BOOKMARK [2][-]{subsection.3.7}{\376\377\000L\000i\000g\000h\000t\000n\000i\000n\000g\000\040\000n\000e\000t\000w\000o\000r\000k\000,\000\040\000i\000n\000v\000o\000i\000c\000e\000s\000,\000\040\000p\000a\000y\000m\000e\000n\000t\000s\000,\000\040\000p\000r\000e\000i\000m\000a\000g\000e\000s\000\040\000a\000n\000d\000\040\000p\000a\000y\000m\000e\000n\000t\000-\000h\000a\000s\000h\000e\000s}{section.3}% 10
\BOOKMARK [2][-]{subsection.3.8}{\376\377\000R\000e\000p\000l\000y\000i\000n\000g}{section.3}% 11
\BOOKMARK [2][-]{subsection.3.9}{\376\377\000P\000a\000y\000m\000e\000n\000t\000\040\000e\000r\000r\000o\000r\000s}{section.3}% 12
\BOOKMARK [2][-]{subsection.3.10}{\376\377\000D\000i\000s\000t\000r\000i\000b\000u\000t\000e\000d\000\040\000T\000r\000u\000s\000t}{section.3}% 13
\BOOKMARK [1][-]{section.4}{\376\377\000D\000i\000s\000c\000u\000s\000s\000i\000o\000n}{}% 14
\BOOKMARK [2][-]{subsection.4.1}{\376\377\000M\000o\000b\000i\000l\000e\000\040\000d\000e\000v\000i\000c\000e\000\040\000c\000o\000n\000n\000e\000c\000t\000i\000v\000i\000t\000y\000\040\000i\000s\000s\000u\000e\000s}{section.4}% 15
\BOOKMARK [2][-]{subsection.4.2}{\376\377\000T\000r\000i\000v\000i\000a\000l\000\040\000a\000t\000t\000a\000c\000k\000s}{section.4}% 16
\BOOKMARK [3][-]{subsubsection.4.2.1}{\376\377\000T\000h\000e\000\040\000S\000i\000l\000e\000n\000t\000\040\000A\000t\000t\000a\000c\000k}{subsection.4.2}% 17
\BOOKMARK [3][-]{subsubsection.4.2.2}{\376\377\000C\000h\000a\000t\000e\000r\000b\000o\000x\000\040\000A\000t\000t\000a\000c\000k}{subsection.4.2}% 18
\BOOKMARK [2][-]{subsection.4.3}{\376\377\000C\000o\000m\000m\000o\000n\000\040\000a\000t\000t\000a\000c\000k\000s}{section.4}% 19
\BOOKMARK [3][-]{subsubsection.4.3.1}{\376\377\000S\000y\000b\000i\000l\000\040\000A\000t\000t\000a\000c\000k}{subsection.4.3}% 20
\BOOKMARK [3][-]{subsubsection.4.3.2}{\376\377\000E\000c\000l\000i\000p\000s\000e\000\040\000A\000t\000t\000a\000c\000k}{subsection.4.3}% 21
\BOOKMARK [3][-]{subsubsection.4.3.3}{\376\377\000C\000e\000n\000s\000o\000r\000s\000h\000i\000p\000\040\000A\000t\000t\000a\000c\000k}{subsection.4.3}% 22
\BOOKMARK [3][-]{subsubsection.4.3.4}{\376\377\000C\000o\000l\000d\000\040\000B\000o\000o\000t\000\040\000A\000t\000t\000a\000c\000k}{subsection.4.3}% 23
\BOOKMARK [3][-]{subsubsection.4.3.5}{\376\377\000F\000l\000a\000s\000h\000\040\000\046\000\040\000C\000o\000v\000e\000r\000t\000\040\000F\000l\000a\000s\000h\000\040\000A\000t\000t\000a\000c\000k}{subsection.4.3}% 24
\BOOKMARK [1][-]{section.5}{\376\377\000S\000u\000p\000p\000o\000r\000t\000i\000n\000g\000\040\000S\000e\000r\000v\000i\000c\000e\000s}{}% 25
\BOOKMARK [2][-]{subsection.5.1}{\376\377\000P\000u\000s\000h\000\040\000n\000o\000t\000i\000f\000i\000c\000a\000t\000i\000o\000n\000\040\000s\000e\000r\000v\000e\000r\000s}{section.5}% 26
\BOOKMARK [2][-]{subsection.5.2}{\376\377\000M\000a\000p\000\040\000s\000e\000r\000v\000e\000r\000s}{section.5}% 27
\BOOKMARK [2][-]{subsection.5.3}{\376\377\000K\000Y\000C\000\040\000s\000e\000r\000v\000i\000c\000e\000s}{section.5}% 28
\BOOKMARK [1][-]{section.6}{\376\377\000A\000p\000p\000l\000i\000c\000a\000t\000i\000o\000n\000s}{}% 29
